{"/mnt/c/Users/mackoy/codefellows/401n13/labs/lab-03-async/lib/reader.js": {"path":"/mnt/c/Users/mackoy/codefellows/401n13/labs/lab-03-async/lib/reader.js","statementMap":{"0":{"start":{"line":6,"column":11},"end":{"line":6,"column":24}},"1":{"start":{"line":7,"column":15},"end":{"line":7,"column":17}},"2":{"start":{"line":12,"column":0},"end":{"line":15,"column":2}},"3":{"start":{"line":13,"column":2},"end":{"line":13,"column":31}},"4":{"start":{"line":14,"column":2},"end":{"line":14,"column":16}},"5":{"start":{"line":22,"column":16},"end":{"line":27,"column":1}},"6":{"start":{"line":23,"column":2},"end":{"line":26,"column":5}},"7":{"start":{"line":24,"column":4},"end":{"line":25,"column":39}},"8":{"start":{"line":24,"column":14},"end":{"line":24,"column":28}},"9":{"start":{"line":25,"column":11},"end":{"line":25,"column":37}},"10":{"start":{"line":34,"column":16},"end":{"line":50,"column":1}},"11":{"start":{"line":36,"column":17},"end":{"line":36,"column":19}},"12":{"start":{"line":37,"column":2},"end":{"line":47,"column":3}},"13":{"start":{"line":38,"column":4},"end":{"line":46,"column":7}},"14":{"start":{"line":39,"column":6},"end":{"line":45,"column":7}},"15":{"start":{"line":40,"column":8},"end":{"line":40,"column":22}},"16":{"start":{"line":43,"column":8},"end":{"line":43,"column":35}},"17":{"start":{"line":44,"column":8},"end":{"line":44,"column":46}},"18":{"start":{"line":49,"column":2},"end":{"line":49,"column":32}}},"fnMap":{"0":{"name":"(anonymous_0)","decl":{"start":{"line":12,"column":27},"end":{"line":12,"column":28}},"loc":{"start":{"line":12,"column":48},"end":{"line":15,"column":1}},"line":12},"1":{"name":"(anonymous_1)","decl":{"start":{"line":22,"column":16},"end":{"line":22,"column":17}},"loc":{"start":{"line":22,"column":36},"end":{"line":27,"column":1}},"line":22},"2":{"name":"(anonymous_2)","decl":{"start":{"line":23,"column":21},"end":{"line":23,"column":22}},"loc":{"start":{"line":23,"column":36},"end":{"line":26,"column":3}},"line":23},"3":{"name":"(anonymous_3)","decl":{"start":{"line":34,"column":16},"end":{"line":34,"column":17}},"loc":{"start":{"line":34,"column":37},"end":{"line":50,"column":1}},"line":34},"4":{"name":"(anonymous_4)","decl":{"start":{"line":38,"column":22},"end":{"line":38,"column":23}},"loc":{"start":{"line":38,"column":37},"end":{"line":46,"column":5}},"line":38}},"branchMap":{"0":{"loc":{"start":{"line":24,"column":4},"end":{"line":25,"column":39}},"type":"if","locations":[{"start":{"line":24,"column":4},"end":{"line":25,"column":39}},{"start":{"line":24,"column":4},"end":{"line":25,"column":39}}],"line":24},"1":{"loc":{"start":{"line":39,"column":6},"end":{"line":45,"column":7}},"type":"if","locations":[{"start":{"line":39,"column":6},"end":{"line":45,"column":7}},{"start":{"line":39,"column":6},"end":{"line":45,"column":7}}],"line":39}},"s":{"0":1,"1":1,"2":1,"3":2,"4":1,"5":1,"6":4,"7":4,"8":1,"9":3,"10":1,"11":2,"12":2,"13":4,"14":4,"15":1,"16":3,"17":3,"18":2},"f":{"0":2,"1":4,"2":4,"3":2,"4":4},"b":{"0":[1,3],"1":[1,3]},"_coverageSchema":"332fd63041d2c1bcb487cc26dd0d5f7d97098a6c","hash":"1b0d2f603be86a78140978d2766e73eba8f19ba4"}
}
