TN:
SF:/mnt/c/Users/mackoy/codefellows/401n13/labs/lab-03-async/lib/reader.js
FN:12,(anonymous_0)
FN:22,(anonymous_1)
FN:23,(anonymous_2)
FN:34,(anonymous_3)
FN:38,(anonymous_4)
FNF:5
FNH:5
FNDA:2,(anonymous_0)
FNDA:4,(anonymous_1)
FNDA:4,(anonymous_2)
FNDA:2,(anonymous_3)
FNDA:4,(anonymous_4)
DA:6,1
DA:7,1
DA:12,1
DA:13,2
DA:14,1
DA:22,1
DA:23,4
DA:24,4
DA:25,3
DA:34,1
DA:36,2
DA:37,2
DA:38,4
DA:39,4
DA:40,1
DA:43,3
DA:44,3
DA:49,2
LF:18
LH:18
BRDA:24,0,0,1
BRDA:24,0,1,3
BRDA:39,1,0,1
BRDA:39,1,1,3
BRF:4
BRH:4
end_of_record
